app/build/intermediates/manifest_merge_blame_file/debug/manifest-merger-blame-debug-report.txt
1<?xml version="1.0" encoding="utf-8"?>
2<manifest xmlns:android="http://schemas.android.com/apk/res/android"
3    package="ek.uw.docuscanner"
4    android:versionCode="1"
5    android:versionName="1.0" >
6
7    <uses-sdk
8        android:minSdkVersion="21"
8-->src\main\AndroidManifest.xml
9        android:targetSdkVersion="29" />
9-->src\main\AndroidManifest.xml
10
11    <uses-permission android:name="android.permission.CAMERA" />
11-->src\main\AndroidManifest.xml:5:5-65
11-->src\main\AndroidManifest.xml:5:22-62
12    <uses-permission android:name="android.permission.INTERNET" />
12-->src\main\AndroidManifest.xml:6:5-67
12-->src\main\AndroidManifest.xml:6:22-64
13    <uses-permission android:name="android.permission.WRITE_EXTERNAL_STORAGE" />
13-->src\main\AndroidManifest.xml:7:5-81
13-->src\main\AndroidManifest.xml:7:22-78
14    <uses-permission android:name="android.permission.RECORD_AUDIO" />
14-->[com.camerakit:camerakit:1.0.0-beta3.11] AndroidManifest.xml:8:5-71
14-->[com.camerakit:camerakit:1.0.0-beta3.11] AndroidManifest.xml:8:22-68
15
16    <uses-feature
16-->[com.camerakit:camerakit:1.0.0-beta3.11] AndroidManifest.xml:11:5-13:36
17        android:name="android.hardware.camera"
17-->[com.camerakit:camerakit:1.0.0-beta3.11] AndroidManifest.xml:12:9-47
18        android:required="false" />
18-->[com.camerakit:camerakit:1.0.0-beta3.11] AndroidManifest.xml:13:9-33
19    <uses-feature
19-->[com.camerakit:camerakit:1.0.0-beta3.11] AndroidManifest.xml:14:5-16:36
20        android:name="android.hardware.camera.front"
20-->[com.camerakit:camerakit:1.0.0-beta3.11] AndroidManifest.xml:15:9-53
21        android:required="false" />
21-->[com.camerakit:camerakit:1.0.0-beta3.11] AndroidManifest.xml:16:9-33
22    <uses-feature
22-->[com.camerakit:camerakit:1.0.0-beta3.11] AndroidManifest.xml:17:5-19:36
23        android:name="android.hardware.camera.autofocus"
23-->[com.camerakit:camerakit:1.0.0-beta3.11] AndroidManifest.xml:18:9-57
24        android:required="false" />
24-->[com.camerakit:camerakit:1.0.0-beta3.11] AndroidManifest.xml:19:9-33
25    <uses-feature
25-->[com.camerakit:camerakit:1.0.0-beta3.11] AndroidManifest.xml:20:5-22:36
26        android:name="android.hardware.microphone"
26-->[com.camerakit:camerakit:1.0.0-beta3.11] AndroidManifest.xml:21:9-51
27        android:required="false" />
27-->[com.camerakit:camerakit:1.0.0-beta3.11] AndroidManifest.xml:22:9-33
28
29    <uses-permission android:name="android.permission.READ_EXTERNAL_STORAGE" />
30
31    <application
31-->src\main\AndroidManifest.xml:9:5-23:19
32        android:allowBackup="true"
32-->src\main\AndroidManifest.xml:10:9-35
33        android:appComponentFactory="androidx.core.app.CoreComponentFactory"
33-->[androidx.core:core:1.1.0] AndroidManifest.xml:24:18-86
34        android:debuggable="true"
35        android:icon="@drawable/logo"
35-->src\main\AndroidManifest.xml:11:9-38
36        android:label="@string/app_name"
36-->src\main\AndroidManifest.xml:12:9-41
37        android:roundIcon="@drawable/logo"
37-->src\main\AndroidManifest.xml:13:9-43
38        android:supportsRtl="true"
38-->src\main\AndroidManifest.xml:14:9-35
39        android:testOnly="true"
40        android:theme="@style/AppTheme" >
40-->src\main\AndroidManifest.xml:15:9-40
41        <activity android:name="ek.uw.docuscanner.MainActivity" >
41-->src\main\AndroidManifest.xml:16:9-22:20
41-->src\main\AndroidManifest.xml:16:19-47
42            <intent-filter>
42-->src\main\AndroidManifest.xml:17:13-21:29
43                <action android:name="android.intent.action.MAIN" />
43-->src\main\AndroidManifest.xml:18:17-69
43-->src\main\AndroidManifest.xml:18:25-66
44                <action android:name="android.intent.action.VIEW" />
44-->src\main\AndroidManifest.xml:19:17-68
44-->src\main\AndroidManifest.xml:19:25-66
45
46                <category android:name="android.intent.category.LAUNCHER" />
46-->src\main\AndroidManifest.xml:20:17-77
46-->src\main\AndroidManifest.xml:20:27-74
47            </intent-filter>
48        </activity>
49
50        <service
50-->[androidx.room:room-runtime:2.2.2] AndroidManifest.xml:25:9-27:40
51            android:name="androidx.room.MultiInstanceInvalidationService"
51-->[androidx.room:room-runtime:2.2.2] AndroidManifest.xml:26:13-74
52            android:exported="false" />
52-->[androidx.room:room-runtime:2.2.2] AndroidManifest.xml:27:13-37
53
54        <provider
54-->[com.squareup.picasso:picasso:2.71828] AndroidManifest.xml:8:9-11:40
55            android:name="com.squareup.picasso.PicassoProvider"
55-->[com.squareup.picasso:picasso:2.71828] AndroidManifest.xml:9:13-64
56            android:authorities="ek.uw.docuscanner.com.squareup.picasso"
56-->[com.squareup.picasso:picasso:2.71828] AndroidManifest.xml:10:13-72
57            android:exported="false" />
57-->[com.squareup.picasso:picasso:2.71828] AndroidManifest.xml:11:13-37
58        <provider
58-->[androidx.lifecycle:lifecycle-process:2.1.0] AndroidManifest.xml:23:9-27:43
59            android:name="androidx.lifecycle.ProcessLifecycleOwnerInitializer"
59-->[androidx.lifecycle:lifecycle-process:2.1.0] AndroidManifest.xml:24:13-79
60            android:authorities="ek.uw.docuscanner.lifecycle-process"
60-->[androidx.lifecycle:lifecycle-process:2.1.0] AndroidManifest.xml:25:13-69
61            android:exported="false"
61-->[androidx.lifecycle:lifecycle-process:2.1.0] AndroidManifest.xml:26:13-37
62            android:multiprocess="true" />
62-->[androidx.lifecycle:lifecycle-process:2.1.0] AndroidManifest.xml:27:13-40
63    </application>
64
65</manifest>